/ictstr01/home/icb/mahima.arunkumar/hiwi/env_store/05c88190fd0702d458fbf23fe40bcf9f_/lib/python3.10/site-packages/mnnpy/utils.py:30: NumbaPerformanceWarning: [1m[1mnp.dot() is faster on contiguous arrays, called on (Array(float32, 1, 'A', False, aligned=True), Array(float32, 1, 'A', False, aligned=True))[0m[0m
  dist[i, j] = np.dot(m[i], n[j])
/ictstr01/home/icb/mahima.arunkumar/hiwi/env_store/05c88190fd0702d458fbf23fe40bcf9f_/lib/python3.10/site-packages/mnnpy/utils.py:205: NumbaPerformanceWarning: [1m[1mnp.dot() is faster on contiguous arrays, called on (Array(float32, 1, 'C', False, aligned=True), Array(float32, 1, 'A', False, aligned=True))[0m[0m
  scale = np.dot(working, grad)
/ictstr01/home/icb/mahima.arunkumar/hiwi/env_store/05c88190fd0702d458fbf23fe40bcf9f_/lib/python3.10/site-packages/mnnpy/utils.py:215: NumbaPerformanceWarning: [1m[1mnp.dot() is faster on contiguous arrays, called on (Array(float32, 1, 'C', False, aligned=True), Array(float32, 1, 'A', False, aligned=True))[0m[0m
  curproj = np.dot(grad, curcell)
Traceback (most recent call last):
  File "/ictstr01/home/icb/mahima.arunkumar/hiwi/scripts/correct_with_mnn.py", line 39, in <module>
    correct_with_mnn(dframe_path, batch_key, output_path)
  File "/ictstr01/home/icb/mahima.arunkumar/hiwi/scripts/correct_with_mnn.py", line 15, in correct_with_mnn
    meta, vals, features = io.split_parquet(parquet_path)
  File "/home/icb/mahima.arunkumar/hiwi/preprocessing/io.py", line 21, in split_parquet
    dframe = pd.read_parquet(dframe_path)
  File "/ictstr01/home/icb/mahima.arunkumar/hiwi/env_store/05c88190fd0702d458fbf23fe40bcf9f_/lib/python3.10/site-packages/pandas/io/parquet.py", line 667, in read_parquet
    return impl.read(
  File "/ictstr01/home/icb/mahima.arunkumar/hiwi/env_store/05c88190fd0702d458fbf23fe40bcf9f_/lib/python3.10/site-packages/pandas/io/parquet.py", line 267, in read
    path_or_handle, handles, filesystem = _get_path_or_handle(
  File "/ictstr01/home/icb/mahima.arunkumar/hiwi/env_store/05c88190fd0702d458fbf23fe40bcf9f_/lib/python3.10/site-packages/pandas/io/parquet.py", line 140, in _get_path_or_handle
    handles = get_handle(
  File "/ictstr01/home/icb/mahima.arunkumar/hiwi/env_store/05c88190fd0702d458fbf23fe40bcf9f_/lib/python3.10/site-packages/pandas/io/common.py", line 882, in get_handle
    handle = open(handle, ioargs.mode)
FileNotFoundError: [Errno 2] No such file or directory: '--input_data'
