/ictstr01/home/icb/mahima.arunkumar/hiwi/env_store/83a547c1aa1446f97039a429ff1e5c95_/lib/python3.11/site-packages/anndata/utils.py:429: FutureWarning: Importing read_csv from `anndata` is deprecated. Import anndata.io.read_csv instead.
  warnings.warn(msg, FutureWarning)
/ictstr01/home/icb/mahima.arunkumar/hiwi/env_store/83a547c1aa1446f97039a429ff1e5c95_/lib/python3.11/site-packages/anndata/utils.py:429: FutureWarning: Importing read_loom from `anndata` is deprecated. Import anndata.io.read_loom instead.
  warnings.warn(msg, FutureWarning)
/ictstr01/home/icb/mahima.arunkumar/hiwi/env_store/83a547c1aa1446f97039a429ff1e5c95_/lib/python3.11/site-packages/anndata/utils.py:429: FutureWarning: Importing read_text from `anndata` is deprecated. Import anndata.io.read_text instead.
  warnings.warn(msg, FutureWarning)
/ictstr01/home/icb/mahima.arunkumar/hiwi/env_store/83a547c1aa1446f97039a429ff1e5c95_/lib/python3.11/site-packages/anndata/utils.py:429: FutureWarning: Importing CSCDataset from `anndata.experimental` is deprecated. Import anndata.abc.CSCDataset instead.
  warnings.warn(msg, FutureWarning)
/ictstr01/home/icb/mahima.arunkumar/hiwi/env_store/83a547c1aa1446f97039a429ff1e5c95_/lib/python3.11/site-packages/anndata/utils.py:429: FutureWarning: Importing CSRDataset from `anndata.experimental` is deprecated. Import anndata.abc.CSRDataset instead.
  warnings.warn(msg, FutureWarning)
/ictstr01/home/icb/mahima.arunkumar/hiwi/env_store/83a547c1aa1446f97039a429ff1e5c95_/lib/python3.11/site-packages/anndata/utils.py:429: FutureWarning: Importing read_elem from `anndata.experimental` is deprecated. Import anndata.io.read_elem instead.
  warnings.warn(msg, FutureWarning)
/ictstr01/home/icb/mahima.arunkumar/hiwi/env_store/83a547c1aa1446f97039a429ff1e5c95_/lib/python3.11/site-packages/docrep/decorators.py:43: SyntaxWarning: 'param_categorical_covariate_keys' is not a valid key!
  doc = func(self, args[0].__doc__, *args[1:], **kwargs)
Traceback (most recent call last):
  File "/ictstr01/home/icb/mahima.arunkumar/hiwi/scripts/correct_with_sysvi.py", line 49, in <module>
    correct_with_sysvi(dframe_path, batch_key, label_key, output_path)
  File "/ictstr01/home/icb/mahima.arunkumar/hiwi/scripts/correct_with_sysvi.py", line 14, in correct_with_sysvi
    adata = io.to_anndata(dframe_path)
            ^^^^^^^^^^^^^^^^^^^^^^^^^^
  File "/home/icb/mahima.arunkumar/hiwi/preprocessing/io.py", line 12, in to_anndata
    meta, feats, features = split_parquet(parquet_path)
                            ^^^^^^^^^^^^^^^^^^^^^^^^^^^
  File "/home/icb/mahima.arunkumar/hiwi/preprocessing/io.py", line 21, in split_parquet
    dframe = pd.read_parquet(dframe_path)
             ^^^^^^^^^^^^^^^^^^^^^^^^^^^^
  File "/ictstr01/home/icb/mahima.arunkumar/hiwi/env_store/83a547c1aa1446f97039a429ff1e5c95_/lib/python3.11/site-packages/pandas/io/parquet.py", line 667, in read_parquet
    return impl.read(
           ^^^^^^^^^^
  File "/ictstr01/home/icb/mahima.arunkumar/hiwi/env_store/83a547c1aa1446f97039a429ff1e5c95_/lib/python3.11/site-packages/pandas/io/parquet.py", line 267, in read
    path_or_handle, handles, filesystem = _get_path_or_handle(
                                          ^^^^^^^^^^^^^^^^^^^^
  File "/ictstr01/home/icb/mahima.arunkumar/hiwi/env_store/83a547c1aa1446f97039a429ff1e5c95_/lib/python3.11/site-packages/pandas/io/parquet.py", line 140, in _get_path_or_handle
    handles = get_handle(
              ^^^^^^^^^^^
  File "/ictstr01/home/icb/mahima.arunkumar/hiwi/env_store/83a547c1aa1446f97039a429ff1e5c95_/lib/python3.11/site-packages/pandas/io/common.py", line 882, in get_handle
    handle = open(handle, ioargs.mode)
             ^^^^^^^^^^^^^^^^^^^^^^^^^
FileNotFoundError: [Errno 2] No such file or directory: '--input_data'
