
Attaching package: ‘arrow’

The following object is masked from ‘package:utils’:

    timestamp

Attaching SeuratObject
Seurat v4 was just loaded with SeuratObject v5; disabling v5 assays and
validation routines, and ensuring assays work in strict v3/v4
compatibility mode

Attaching package: ‘dplyr’

The following objects are masked from ‘package:stats’:

    filter, lag

The following objects are masked from ‘package:base’:

    intersect, setdiff, setequal, union

Warning messages:
1: In `[<-`(`*tmp*`, i, value = obj) :
  implicit list embedding of S4 objects is deprecated
2: In `[<-`(`*tmp*`, i, value = obj) :
  implicit list embedding of S4 objects is deprecated
Warning: Layer counts isn't present in the assay object; returning NULL
Warning: Layer counts isn't present in the assay object; returning NULL
Warning: Layer counts isn't present in the assay object; returning NULL
Warning: Layer counts isn't present in the assay object; returning NULL
Warning: Layer counts isn't present in the assay object; returning NULL
Warning: Layer counts isn't present in the assay object; returning NULL
Warning: Layer counts isn't present in the assay object; returning NULL
